{
  "stats": {
    "suites": 2,
    "tests": 6,
    "passes": 5,
    "pending": 0,
    "failures": 1,
    "start": "2021-03-31T13:28:24.381Z",
    "end": "2021-03-31T13:29:12.179Z",
    "duration": 26499,
    "testsRegistered": 6,
    "passPercent": 83.33333333333333,
    "pendingPercent": 0,
    "other": 0,
    "hasOther": false,
    "skipped": 0,
    "hasSkipped": false
  },
  "results": [
    {
      "uuid": "b826e48c-5b18-4cd0-9198-61abb3aa36f5",
      "title": "",
      "fullFile": "cypress\\integration\\SecondTest.spec.js",
      "file": "cypress\\integration\\SecondTest.spec.js",
      "beforeHooks": [],
      "afterHooks": [],
      "tests": [],
      "suites": [
        {
          "uuid": "97f28112-9076-46c5-ba87-7b7dfdfc7893",
          "title": "Test log out",
          "fullFile": "",
          "file": "",
          "beforeHooks": [],
          "afterHooks": [],
          "tests": [
            {
              "title": "verify use can log out successfully",
              "fullTitle": "Test log out verify use can log out successfully",
              "timedOut": null,
              "duration": 8081,
              "state": "failed",
              "speed": null,
              "pass": false,
              "fail": true,
              "pending": false,
              "context": null,
              "code": "cy.contains('Settings').click();\ncy.contains('Or click here to logout').click();\ncy.get('.navbar-nav').should('contain', 'Sign up1');",
              "err": {
                "message": "AssertionError: Timed out retrying after 4000ms: expected '<ul.nav.navbar-nav.pull-xs-right>' to contain 'Sign up1'",
                "estack": "AssertionError: Timed out retrying after 4000ms: expected '<ul.nav.navbar-nav.pull-xs-right>' to contain 'Sign up1'\n    at Context.eval (http://localhost:4200/__cypress/tests?p=cypress\\integration\\SecondTest.spec.js:37733:27)",
                "diff": null
              },
              "uuid": "193f4b8c-9c47-4129-a877-8c3c8f5137ff",
              "parentUUID": "97f28112-9076-46c5-ba87-7b7dfdfc7893",
              "isHook": false,
              "skipped": false
            }
          ],
          "suites": [],
          "passes": [],
          "failures": [
            "193f4b8c-9c47-4129-a877-8c3c8f5137ff"
          ],
          "pending": [],
          "skipped": [],
          "duration": 8081,
          "root": false,
          "rootEmpty": false,
          "_timeout": 2000
        }
      ],
      "passes": [],
      "failures": [],
      "pending": [],
      "skipped": [],
      "duration": 0,
      "root": true,
      "rootEmpty": true,
      "_timeout": 2000
    },
    {
      "uuid": "c759f8dc-2c57-4a3c-8f08-16993db1b8f0",
      "title": "",
      "fullFile": "cypress\\integration\\FirstTest.spec.js",
      "file": "cypress\\integration\\FirstTest.spec.js",
      "beforeHooks": [],
      "afterHooks": [],
      "tests": [],
      "suites": [
        {
          "uuid": "8bfa3b5d-9f3c-46bd-9662-6b4074bd5602",
          "title": "Test with Backend",
          "fullFile": "",
          "file": "",
          "beforeHooks": [],
          "afterHooks": [],
          "tests": [
            {
              "title": "verify correct request and responce",
              "fullTitle": "Test with Backend verify correct request and responce",
              "timedOut": null,
              "duration": 6257,
              "state": "passed",
              "speed": "slow",
              "pass": true,
              "fail": false,
              "pending": false,
              "context": null,
              "code": "cy.intercept('POST', '**/articles').as('postArticles');\ncy.contains('New Article').click();\ncy.get('[formcontrolname=\"title\"]').type('This is a title');\ncy.get('[formcontrolname=\"description\"]').type('This is a description');\ncy.get('[formcontrolname=\"body\"]').type('This is a body of the Article');\ncy.contains('Publish Article').click();\ncy.wait('@postArticles');\ncy.get('@postArticles').then(function (xhr) {\n  console.log(xhr);\n  expect(xhr.response.statusCode).to.equal(200);\n  expect(xhr.request.body.article.body).to.equal('This is a body of the Article');\n  expect(xhr.response.body.article.description).to.equal('This is a description');\n});",
              "err": {},
              "uuid": "a0000254-d027-4184-9935-13295f3ba65b",
              "parentUUID": "8bfa3b5d-9f3c-46bd-9662-6b4074bd5602",
              "isHook": false,
              "skipped": false
            },
            {
              "title": "should gave tags with routing object",
              "fullTitle": "Test with Backend should gave tags with routing object",
              "timedOut": null,
              "duration": 1534,
              "state": "passed",
              "speed": "slow",
              "pass": true,
              "fail": false,
              "pending": false,
              "context": null,
              "code": "cy.get('.tag-list').should('contain', 'cypress').and('contain', 'automation').and('contain', 'testing');",
              "err": {},
              "uuid": "eb01865e-6054-4b63-81ee-ad34c414464b",
              "parentUUID": "8bfa3b5d-9f3c-46bd-9662-6b4074bd5602",
              "isHook": false,
              "skipped": false
            },
            {
              "title": "verify global feed likes count",
              "fullTitle": "Test with Backend verify global feed likes count",
              "timedOut": null,
              "duration": 2202,
              "state": "passed",
              "speed": "slow",
              "pass": true,
              "fail": false,
              "pending": false,
              "context": null,
              "code": "cy.intercept('GET', '**/articles/feed*', {\n  \"articles\": [],\n  \"articlesCount\": 0\n});\ncy.intercept('GET', '**/articles*', {\n  fixture: 'articles.json'\n});\ncy.contains('Global Feed').click();\ncy.get('app-article-list button').then(function (listOfButtons) {\n  expect(listOfButtons[0]).to.contain('1');\n  expect(listOfButtons[1]).to.contain('5');\n});\ncy.fixture('articles').then(function (file) {\n  var articlelink = file.articles[1].slug;\n  cy.intercept('POST', '**/articles/' + articlelink + '/favorite', file);\n});\ncy.get('app-article-list button').eq(1).click().should('contain', '6');",
              "err": {},
              "uuid": "5ef4f8d7-01fc-4024-ae71-30baf6e96e6f",
              "parentUUID": "8bfa3b5d-9f3c-46bd-9662-6b4074bd5602",
              "isHook": false,
              "skipped": false
            },
            {
              "title": "intercepting and modifying the request and responce",
              "fullTitle": "Test with Backend intercepting and modifying the request and responce",
              "timedOut": null,
              "duration": 3529,
              "state": "passed",
              "speed": "slow",
              "pass": true,
              "fail": false,
              "pending": false,
              "context": null,
              "code": "//cy.intercept('POST','**/articles',(req) => {\n//    req.body.article.description = \"This is a description 2\"\n//}).as('postArticles')\ncy.intercept('POST', '**/articles', function (req) {\n  req.reply(function (res) {\n    expect(res.body.article.description).to.equal('This is a description');\n    res.body.article.description = \"This is a description 2\";\n  });\n}).as('postArticles');\ncy.contains('New Article').click();\ncy.get('[formcontrolname=\"title\"]').type('This is a title');\ncy.get('[formcontrolname=\"description\"]').type('This is a description');\ncy.get('[formcontrolname=\"body\"]').type('This is a body of the Article');\ncy.contains('Publish Article').click();\ncy.wait('@postArticles');\ncy.get('@postArticles').then(function (xhr) {\n  console.log(xhr);\n  expect(xhr.response.statusCode).to.equal(200);\n  expect(xhr.request.body.article.body).to.equal('This is a body of the Article');\n  expect(xhr.response.body.article.description).to.equal('This is a description 2');\n});",
              "err": {},
              "uuid": "186564a3-49e5-43f5-8387-ff4b264ded05",
              "parentUUID": "8bfa3b5d-9f3c-46bd-9662-6b4074bd5602",
              "isHook": false,
              "skipped": false
            },
            {
              "title": "delete a new article in the global feed",
              "fullTitle": "Test with Backend delete a new article in the global feed",
              "timedOut": null,
              "duration": 4896,
              "state": "passed",
              "speed": "slow",
              "pass": true,
              "fail": false,
              "pending": false,
              "context": null,
              "code": "var bodyRequest = {\n  \"article\": {\n    \"tagList\": [],\n    \"title\": \"Request from API\",\n    \"description\": \"API testing is easy\",\n    \"body\": \"Angular is cool\"\n  }\n};\ncy.get('@token').then(function (token) {\n  cy.request({\n    url: Cypress.env('apiUrl') + 'api/articles/',\n    headers: {\n      'Authorization': 'Token ' + token\n    },\n    method: 'POST',\n    body: bodyRequest\n  }).then(function (response) {\n    expect(response.status).to.equal(200);\n  });\n  cy.contains('Global Feed').click();\n  cy.get('.article-preview').first().click();\n  cy.get('.article-actions').contains('Delete Article').click();\n  cy.request({\n    url: Cypress.env('apiUrl') + 'api/articles?limit=10&offset=0',\n    headers: {\n      'Authorization': 'Token ' + token\n    },\n    method: 'GET'\n  }).its('body').then(function (body) {\n    expect(body.articles[0].title).not.to.equal('Request from API');\n  });\n});",
              "err": {},
              "uuid": "12203c4b-65bc-44be-84ff-12607973ba49",
              "parentUUID": "8bfa3b5d-9f3c-46bd-9662-6b4074bd5602",
              "isHook": false,
              "skipped": false
            }
          ],
          "suites": [],
          "passes": [
            "a0000254-d027-4184-9935-13295f3ba65b",
            "eb01865e-6054-4b63-81ee-ad34c414464b",
            "5ef4f8d7-01fc-4024-ae71-30baf6e96e6f",
            "186564a3-49e5-43f5-8387-ff4b264ded05",
            "12203c4b-65bc-44be-84ff-12607973ba49"
          ],
          "failures": [],
          "pending": [],
          "skipped": [],
          "duration": 18418,
          "root": false,
          "rootEmpty": false,
          "_timeout": 2000
        }
      ],
      "passes": [],
      "failures": [],
      "pending": [],
      "skipped": [],
      "duration": 0,
      "root": true,
      "rootEmpty": true,
      "_timeout": 2000
    }
  ],
  "meta": {
    "mocha": {
      "version": "7.0.1"
    },
    "mochawesome": {
      "options": {
        "quiet": false,
        "reportFilename": "mochawesome",
        "saveHtml": false,
        "saveJson": true,
        "consoleReporter": "spec",
        "useInlineDiffs": false,
        "code": true
      },
      "version": "6.2.2"
    },
    "marge": {
      "options": {
        "id": "default",
        "reportDir": "cypress/results/mochawesome",
        "overwrite": false,
        "html": false,
        "json": true
      },
      "version": "5.2.0"
    }
  }
}