{
  "stats": {
    "suites": 1,
    "tests": 5,
    "passes": 5,
    "pending": 0,
    "failures": 0,
    "start": "2021-03-24T15:24:43.827Z",
    "end": "2021-03-24T15:24:59.481Z",
    "duration": 15654,
    "testsRegistered": 5,
    "passPercent": 100,
    "pendingPercent": 0,
    "other": 0,
    "hasOther": false,
    "skipped": 0,
    "hasSkipped": false
  },
  "results": [
    {
      "uuid": "7deb17a0-6816-4c48-9072-c353d3f5003d",
      "title": "",
      "fullFile": "cypress\\integration\\FirstTest.spec.js",
      "file": "cypress\\integration\\FirstTest.spec.js",
      "beforeHooks": [],
      "afterHooks": [],
      "tests": [],
      "suites": [
        {
          "uuid": "2f6b399f-a102-4c33-bef2-23d09315c1f7",
          "title": "Test with Backend",
          "fullFile": "",
          "file": "",
          "beforeHooks": [],
          "afterHooks": [],
          "tests": [
            {
              "title": "verify correct request and responce",
              "fullTitle": "Test with Backend verify correct request and responce",
              "timedOut": null,
              "duration": 5152,
              "state": "passed",
              "speed": "slow",
              "pass": true,
              "fail": false,
              "pending": false,
              "context": null,
              "code": "cy.intercept('POST', '**/articles').as('postArticles');\ncy.contains('New Article').click();\ncy.get('[formcontrolname=\"title\"]').type('This is a title');\ncy.get('[formcontrolname=\"description\"]').type('This is a description');\ncy.get('[formcontrolname=\"body\"]').type('This is a body of the Article');\ncy.contains('Publish Article').click();\ncy.wait('@postArticles');\ncy.get('@postArticles').then(function (xhr) {\n  console.log(xhr);\n  expect(xhr.response.statusCode).to.equal(200);\n  expect(xhr.request.body.article.body).to.equal('This is a body of the Article');\n  expect(xhr.response.body.article.description).to.equal('This is a description');\n});",
              "err": {},
              "uuid": "cba1ee91-a9af-444a-bbef-7bc39fd8f4a1",
              "parentUUID": "2f6b399f-a102-4c33-bef2-23d09315c1f7",
              "isHook": false,
              "skipped": false
            },
            {
              "title": "should gave tags with routing object",
              "fullTitle": "Test with Backend should gave tags with routing object",
              "timedOut": null,
              "duration": 1480,
              "state": "passed",
              "speed": "slow",
              "pass": true,
              "fail": false,
              "pending": false,
              "context": null,
              "code": "cy.get('.tag-list').should('contain', 'cypress').and('contain', 'automation').and('contain', 'testing');",
              "err": {},
              "uuid": "673e4748-548f-419d-a107-fe77a845c078",
              "parentUUID": "2f6b399f-a102-4c33-bef2-23d09315c1f7",
              "isHook": false,
              "skipped": false
            },
            {
              "title": "verify global feed likes count",
              "fullTitle": "Test with Backend verify global feed likes count",
              "timedOut": null,
              "duration": 1528,
              "state": "passed",
              "speed": "slow",
              "pass": true,
              "fail": false,
              "pending": false,
              "context": null,
              "code": "cy.intercept('GET', '**/articles/feed*', {\n  \"articles\": [],\n  \"articlesCount\": 0\n});\ncy.intercept('GET', '**/articles*', {\n  fixture: 'articles.json'\n});\ncy.contains('Global Feed').click();\ncy.get('app-article-list button').then(function (listOfButtons) {\n  expect(listOfButtons[0]).to.contain('1');\n  expect(listOfButtons[1]).to.contain('5');\n});\ncy.fixture('articles').then(function (file) {\n  var articlelink = file.articles[1].slug;\n  cy.intercept('POST', '**/articles/' + articlelink + '/favorite', file);\n});\ncy.get('app-article-list button').eq(1).click().should('contain', '6');",
              "err": {},
              "uuid": "9d795e0a-07c3-41ae-b388-62e61d19280c",
              "parentUUID": "2f6b399f-a102-4c33-bef2-23d09315c1f7",
              "isHook": false,
              "skipped": false
            },
            {
              "title": "intercepting and modifying the request and responce",
              "fullTitle": "Test with Backend intercepting and modifying the request and responce",
              "timedOut": null,
              "duration": 2854,
              "state": "passed",
              "speed": "slow",
              "pass": true,
              "fail": false,
              "pending": false,
              "context": null,
              "code": "//cy.intercept('POST','**/articles',(req) => {\n//    req.body.article.description = \"This is a description 2\"\n//}).as('postArticles')\ncy.intercept('POST', '**/articles', function (req) {\n  req.reply(function (res) {\n    expect(res.body.article.description).to.equal('This is a description');\n    res.body.article.description = \"This is a description 2\";\n  });\n}).as('postArticles');\ncy.contains('New Article').click();\ncy.get('[formcontrolname=\"title\"]').type('This is a title');\ncy.get('[formcontrolname=\"description\"]').type('This is a description');\ncy.get('[formcontrolname=\"body\"]').type('This is a body of the Article');\ncy.contains('Publish Article').click();\ncy.wait('@postArticles');\ncy.get('@postArticles').then(function (xhr) {\n  console.log(xhr);\n  expect(xhr.response.statusCode).to.equal(200);\n  expect(xhr.request.body.article.body).to.equal('This is a body of the Article');\n  expect(xhr.response.body.article.description).to.equal('This is a description 2');\n});",
              "err": {},
              "uuid": "d2d7b524-88c3-44d5-853e-655698b40037",
              "parentUUID": "2f6b399f-a102-4c33-bef2-23d09315c1f7",
              "isHook": false,
              "skipped": false
            },
            {
              "title": "delete a new article in the global feed",
              "fullTitle": "Test with Backend delete a new article in the global feed",
              "timedOut": null,
              "duration": 4478,
              "state": "passed",
              "speed": "slow",
              "pass": true,
              "fail": false,
              "pending": false,
              "context": null,
              "code": "var bodyRequest = {\n  \"article\": {\n    \"tagList\": [],\n    \"title\": \"Request from API\",\n    \"description\": \"API testing is easy\",\n    \"body\": \"Angular is cool\"\n  }\n};\ncy.get('@token').then(function (token) {\n  cy.request({\n    url: Cypress.env('apiUrl') + 'api/articles/',\n    headers: {\n      'Authorization': 'Token ' + token\n    },\n    method: 'POST',\n    body: bodyRequest\n  }).then(function (response) {\n    expect(response.status).to.equal(200);\n  });\n  cy.contains('Global Feed').click();\n  cy.get('.article-preview').first().click();\n  cy.get('.article-actions').contains('Delete Article').click();\n  cy.request({\n    url: Cypress.env('apiUrl') + 'api/articles?limit=10&offset=0',\n    headers: {\n      'Authorization': 'Token ' + token\n    },\n    method: 'GET'\n  }).its('body').then(function (body) {\n    expect(body.articles[0].title).not.to.equal('Request from API');\n  });\n});",
              "err": {},
              "uuid": "0e1580c5-09f5-4f41-9ed2-6d8807a54106",
              "parentUUID": "2f6b399f-a102-4c33-bef2-23d09315c1f7",
              "isHook": false,
              "skipped": false
            }
          ],
          "suites": [],
          "passes": [
            "cba1ee91-a9af-444a-bbef-7bc39fd8f4a1",
            "673e4748-548f-419d-a107-fe77a845c078",
            "9d795e0a-07c3-41ae-b388-62e61d19280c",
            "d2d7b524-88c3-44d5-853e-655698b40037",
            "0e1580c5-09f5-4f41-9ed2-6d8807a54106"
          ],
          "failures": [],
          "pending": [],
          "skipped": [],
          "duration": 15492,
          "root": false,
          "rootEmpty": false,
          "_timeout": 2000
        }
      ],
      "passes": [],
      "failures": [],
      "pending": [],
      "skipped": [],
      "duration": 0,
      "root": true,
      "rootEmpty": true,
      "_timeout": 2000
    }
  ],
  "meta": {
    "mocha": {
      "version": "7.0.1"
    },
    "mochawesome": {
      "options": {
        "quiet": false,
        "reportFilename": "mochawesome",
        "saveHtml": false,
        "saveJson": true,
        "consoleReporter": "spec",
        "useInlineDiffs": false,
        "code": true
      },
      "version": "6.2.2"
    },
    "marge": {
      "options": {
        "id": "default",
        "reportDir": "cypress/results/mochawesome",
        "overwrite": false,
        "html": false,
        "json": true
      },
      "version": "5.2.0"
    }
  }
}