{
  "stats": {
    "suites": 1,
    "tests": 5,
    "passes": 5,
    "pending": 0,
    "failures": 0,
    "start": "2021-03-26T17:57:45.231Z",
    "end": "2021-03-26T17:58:03.627Z",
    "duration": 18396,
    "testsRegistered": 5,
    "passPercent": 100,
    "pendingPercent": 0,
    "other": 0,
    "hasOther": false,
    "skipped": 0,
    "hasSkipped": false
  },
  "results": [
    {
      "uuid": "7262e9e7-5f87-4d4a-87d4-860cf5590536",
      "title": "",
      "fullFile": "cypress\\integration\\FirstTest.spec.js",
      "file": "cypress\\integration\\FirstTest.spec.js",
      "beforeHooks": [],
      "afterHooks": [],
      "tests": [],
      "suites": [
        {
          "uuid": "22aa0db1-406a-4cb8-932e-995930c4c681",
          "title": "Test with Backend",
          "fullFile": "",
          "file": "",
          "beforeHooks": [],
          "afterHooks": [],
          "tests": [
            {
              "title": "verify correct request and responce",
              "fullTitle": "Test with Backend verify correct request and responce",
              "timedOut": null,
              "duration": 6215,
              "state": "passed",
              "speed": "slow",
              "pass": true,
              "fail": false,
              "pending": false,
              "context": null,
              "code": "cy.intercept('POST', '**/articles').as('postArticles');\ncy.contains('New Article').click();\ncy.get('[formcontrolname=\"title\"]').type('This is a title');\ncy.get('[formcontrolname=\"description\"]').type('This is a description');\ncy.get('[formcontrolname=\"body\"]').type('This is a body of the Article');\ncy.contains('Publish Article').click();\ncy.wait('@postArticles');\ncy.get('@postArticles').then(function (xhr) {\n  console.log(xhr);\n  expect(xhr.response.statusCode).to.equal(200);\n  expect(xhr.request.body.article.body).to.equal('This is a body of the Article');\n  expect(xhr.response.body.article.description).to.equal('This is a description');\n});",
              "err": {},
              "uuid": "11fd2500-7c6f-47d9-8f48-3514bad3ac54",
              "parentUUID": "22aa0db1-406a-4cb8-932e-995930c4c681",
              "isHook": false,
              "skipped": false
            },
            {
              "title": "should gave tags with routing object",
              "fullTitle": "Test with Backend should gave tags with routing object",
              "timedOut": null,
              "duration": 1690,
              "state": "passed",
              "speed": "slow",
              "pass": true,
              "fail": false,
              "pending": false,
              "context": null,
              "code": "cy.get('.tag-list').should('contain', 'cypress').and('contain', 'automation').and('contain', 'testing');",
              "err": {},
              "uuid": "bbd0b96e-44aa-4001-9307-779b66111425",
              "parentUUID": "22aa0db1-406a-4cb8-932e-995930c4c681",
              "isHook": false,
              "skipped": false
            },
            {
              "title": "verify global feed likes count",
              "fullTitle": "Test with Backend verify global feed likes count",
              "timedOut": null,
              "duration": 2010,
              "state": "passed",
              "speed": "slow",
              "pass": true,
              "fail": false,
              "pending": false,
              "context": null,
              "code": "cy.intercept('GET', '**/articles/feed*', {\n  \"articles\": [],\n  \"articlesCount\": 0\n});\ncy.intercept('GET', '**/articles*', {\n  fixture: 'articles.json'\n});\ncy.contains('Global Feed').click();\ncy.get('app-article-list button').then(function (listOfButtons) {\n  expect(listOfButtons[0]).to.contain('1');\n  expect(listOfButtons[1]).to.contain('5');\n});\ncy.fixture('articles').then(function (file) {\n  var articlelink = file.articles[1].slug;\n  cy.intercept('POST', '**/articles/' + articlelink + '/favorite', file);\n});\ncy.get('app-article-list button').eq(1).click().should('contain', '6');",
              "err": {},
              "uuid": "a0af72e4-6073-4686-8916-b03dbef41259",
              "parentUUID": "22aa0db1-406a-4cb8-932e-995930c4c681",
              "isHook": false,
              "skipped": false
            },
            {
              "title": "intercepting and modifying the request and responce",
              "fullTitle": "Test with Backend intercepting and modifying the request and responce",
              "timedOut": null,
              "duration": 3535,
              "state": "passed",
              "speed": "slow",
              "pass": true,
              "fail": false,
              "pending": false,
              "context": null,
              "code": "//cy.intercept('POST','**/articles',(req) => {\n//    req.body.article.description = \"This is a description 2\"\n//}).as('postArticles')\ncy.intercept('POST', '**/articles', function (req) {\n  req.reply(function (res) {\n    expect(res.body.article.description).to.equal('This is a description');\n    res.body.article.description = \"This is a description 2\";\n  });\n}).as('postArticles');\ncy.contains('New Article').click();\ncy.get('[formcontrolname=\"title\"]').type('This is a title');\ncy.get('[formcontrolname=\"description\"]').type('This is a description');\ncy.get('[formcontrolname=\"body\"]').type('This is a body of the Article');\ncy.contains('Publish Article').click();\ncy.wait('@postArticles');\ncy.get('@postArticles').then(function (xhr) {\n  console.log(xhr);\n  expect(xhr.response.statusCode).to.equal(200);\n  expect(xhr.request.body.article.body).to.equal('This is a body of the Article');\n  expect(xhr.response.body.article.description).to.equal('This is a description 2');\n});",
              "err": {},
              "uuid": "7fbe2f4c-d807-4b5f-88d4-52c01853d01c",
              "parentUUID": "22aa0db1-406a-4cb8-932e-995930c4c681",
              "isHook": false,
              "skipped": false
            },
            {
              "title": "delete a new article in the global feed",
              "fullTitle": "Test with Backend delete a new article in the global feed",
              "timedOut": null,
              "duration": 4783,
              "state": "passed",
              "speed": "slow",
              "pass": true,
              "fail": false,
              "pending": false,
              "context": null,
              "code": "var bodyRequest = {\n  \"article\": {\n    \"tagList\": [],\n    \"title\": \"Request from API\",\n    \"description\": \"API testing is easy\",\n    \"body\": \"Angular is cool\"\n  }\n};\ncy.get('@token').then(function (token) {\n  cy.request({\n    url: Cypress.env('apiUrl') + 'api/articles/',\n    headers: {\n      'Authorization': 'Token ' + token\n    },\n    method: 'POST',\n    body: bodyRequest\n  }).then(function (response) {\n    expect(response.status).to.equal(200);\n  });\n  cy.contains('Global Feed').click();\n  cy.get('.article-preview').first().click();\n  cy.get('.article-actions').contains('Delete Article').click();\n  cy.request({\n    url: Cypress.env('apiUrl') + 'api/articles?limit=10&offset=0',\n    headers: {\n      'Authorization': 'Token ' + token\n    },\n    method: 'GET'\n  }).its('body').then(function (body) {\n    expect(body.articles[0].title).not.to.equal('Request from API');\n  });\n});",
              "err": {},
              "uuid": "ca723135-bcd6-42d1-8338-09f71d2d0813",
              "parentUUID": "22aa0db1-406a-4cb8-932e-995930c4c681",
              "isHook": false,
              "skipped": false
            }
          ],
          "suites": [],
          "passes": [
            "11fd2500-7c6f-47d9-8f48-3514bad3ac54",
            "bbd0b96e-44aa-4001-9307-779b66111425",
            "a0af72e4-6073-4686-8916-b03dbef41259",
            "7fbe2f4c-d807-4b5f-88d4-52c01853d01c",
            "ca723135-bcd6-42d1-8338-09f71d2d0813"
          ],
          "failures": [],
          "pending": [],
          "skipped": [],
          "duration": 18233,
          "root": false,
          "rootEmpty": false,
          "_timeout": 2000
        }
      ],
      "passes": [],
      "failures": [],
      "pending": [],
      "skipped": [],
      "duration": 0,
      "root": true,
      "rootEmpty": true,
      "_timeout": 2000
    }
  ],
  "meta": {
    "mocha": {
      "version": "7.0.1"
    },
    "mochawesome": {
      "options": {
        "quiet": false,
        "reportFilename": "mochawesome",
        "saveHtml": false,
        "saveJson": true,
        "consoleReporter": "spec",
        "useInlineDiffs": false,
        "code": true
      },
      "version": "6.2.2"
    },
    "marge": {
      "options": {
        "id": "default",
        "reportDir": "cypress/results/mochawesome",
        "overwrite": false,
        "html": false,
        "json": true
      },
      "version": "5.2.0"
    }
  }
}