<?xml version="1.0" encoding="UTF-8"?>
<testsuites name="Mocha Tests" time="18.2330" tests="5" failures="0">
  <testsuite name="Root Suite" timestamp="2021-03-26T17:57:45" tests="0" file="cypress\integration\FirstTest.spec.js" time="0.0000" failures="0">
  </testsuite>
  <testsuite name="Test with Backend" timestamp="2021-03-26T17:57:45" tests="5" time="18.2330" failures="0">
    <testcase name="Test with Backend verify correct request and responce" time="6.2150" classname="verify correct request and responce">
    </testcase>
    <testcase name="Test with Backend should gave tags with routing object" time="1.6900" classname="should gave tags with routing object">
    </testcase>
    <testcase name="Test with Backend verify global feed likes count" time="2.0100" classname="verify global feed likes count">
    </testcase>
    <testcase name="Test with Backend intercepting and modifying the request and responce" time="3.5350" classname="intercepting and modifying the request and responce">
    </testcase>
    <testcase name="Test with Backend delete a new article in the global feed" time="4.7830" classname="delete a new article in the global feed">
    </testcase>
  </testsuite>
</testsuites>