<?xml version="1.0" encoding="UTF-8"?>
<testsuites name="Mocha Tests" time="15.2370" tests="5" failures="0">
  <testsuite name="Root Suite" timestamp="2021-03-25T14:41:36" tests="0" file="cypress\integration\FirstTest.spec.js" time="0.0000" failures="0">
  </testsuite>
  <testsuite name="Test with Backend" timestamp="2021-03-25T14:41:36" tests="5" time="15.2370" failures="0">
    <testcase name="Test with Backend verify correct request and responce" time="5.2420" classname="verify correct request and responce">
    </testcase>
    <testcase name="Test with Backend should gave tags with routing object" time="1.3080" classname="should gave tags with routing object">
    </testcase>
    <testcase name="Test with Backend verify global feed likes count" time="1.6550" classname="verify global feed likes count">
    </testcase>
    <testcase name="Test with Backend intercepting and modifying the request and responce" time="3.0390" classname="intercepting and modifying the request and responce">
    </testcase>
    <testcase name="Test with Backend delete a new article in the global feed" time="3.9930" classname="delete a new article in the global feed">
    </testcase>
  </testsuite>
</testsuites>